<?xml version="1.0" encoding="UTF-8"?>
<testsuite name="com.marjina.hire_yourself.HireYourselfApplicationTests" tests="1" skipped="1" failures="0" errors="0" timestamp="2019-10-17T17:09:43" hostname="ionsam14-Latitude-E5550" time="0.0">
  <properties/>
  <testcase name="contextLoads" classname="com.marjina.hire_yourself.HireYourselfApplicationTests" time="0.0">
    <skipped/>
  </testcase>
  <system-out><![CDATA[20:09:43.123 [Test worker] DEBUG org.springframework.test.context.junit4.SpringJUnit4ClassRunner - SpringJUnit4ClassRunner constructor called with [class com.marjina.hire_yourself.HireYourselfApplicationTests]
20:09:43.141 [Test worker] DEBUG org.springframework.test.context.BootstrapUtils - Instantiating CacheAwareContextLoaderDelegate from class [org.springframework.test.context.cache.DefaultCacheAwareContextLoaderDelegate]
20:09:43.163 [Test worker] DEBUG org.springframework.test.context.BootstrapUtils - Instantiating BootstrapContext using constructor [public org.springframework.test.context.support.DefaultBootstrapContext(java.lang.Class,org.springframework.test.context.CacheAwareContextLoaderDelegate)]
20:09:43.195 [Test worker] DEBUG org.springframework.test.context.BootstrapUtils - Instantiating TestContextBootstrapper for test class [com.marjina.hire_yourself.HireYourselfApplicationTests] from class [org.springframework.boot.test.context.SpringBootTestContextBootstrapper]
20:09:43.213 [Test worker] INFO org.springframework.boot.test.context.SpringBootTestContextBootstrapper - Neither @ContextConfiguration nor @ContextHierarchy found for test class [com.marjina.hire_yourself.HireYourselfApplicationTests], using SpringBootContextLoader
20:09:43.219 [Test worker] DEBUG org.springframework.test.context.support.AbstractContextLoader - Did not detect default resource location for test class [com.marjina.hire_yourself.HireYourselfApplicationTests]: class path resource [com/marjina/hire_yourself/HireYourselfApplicationTests-context.xml] does not exist
20:09:43.221 [Test worker] DEBUG org.springframework.test.context.support.AbstractContextLoader - Did not detect default resource location for test class [com.marjina.hire_yourself.HireYourselfApplicationTests]: class path resource [com/marjina/hire_yourself/HireYourselfApplicationTestsContext.groovy] does not exist
20:09:43.222 [Test worker] INFO org.springframework.test.context.support.AbstractContextLoader - Could not detect default resource locations for test class [com.marjina.hire_yourself.HireYourselfApplicationTests]: no resource found for suffixes {-context.xml, Context.groovy}.
20:09:43.224 [Test worker] INFO org.springframework.test.context.support.AnnotationConfigContextLoaderUtils - Could not detect default configuration classes for test class [com.marjina.hire_yourself.HireYourselfApplicationTests]: HireYourselfApplicationTests does not declare any static, non-private, non-final, nested classes annotated with @Configuration.
20:09:43.295 [Test worker] DEBUG org.springframework.test.context.support.ActiveProfilesUtils - Could not find an 'annotation declaring class' for annotation type [org.springframework.test.context.ActiveProfiles] and class [com.marjina.hire_yourself.HireYourselfApplicationTests]
20:09:43.435 [Test worker] DEBUG org.springframework.context.annotation.ClassPathScanningCandidateComponentProvider - Identified candidate component class: file [/home/ionsam14/MyProjects/hire_yourself/Backend/hire_yourself/build/classes/java/main/com/marjina/hire_yourself/HireYourselfApplication.class]
20:09:43.437 [Test worker] INFO org.springframework.boot.test.context.SpringBootTestContextBootstrapper - Found @SpringBootConfiguration com.marjina.hire_yourself.HireYourselfApplication for test class com.marjina.hire_yourself.HireYourselfApplicationTests
20:09:43.761 [Test worker] DEBUG org.springframework.boot.test.context.SpringBootTestContextBootstrapper - @TestExecutionListeners is not present for class [com.marjina.hire_yourself.HireYourselfApplicationTests]: using defaults.
20:09:43.763 [Test worker] INFO org.springframework.boot.test.context.SpringBootTestContextBootstrapper - Loaded default TestExecutionListener class names from location [META-INF/spring.factories]: [org.springframework.boot.test.autoconfigure.restdocs.RestDocsTestExecutionListener, org.springframework.boot.test.autoconfigure.web.client.MockRestServiceServerResetTestExecutionListener, org.springframework.boot.test.autoconfigure.web.servlet.MockMvcPrintOnlyOnFailureTestExecutionListener, org.springframework.boot.test.autoconfigure.web.servlet.WebDriverTestExecutionListener, org.springframework.boot.test.mock.mockito.MockitoTestExecutionListener, org.springframework.boot.test.mock.mockito.ResetMocksTestExecutionListener, org.springframework.test.context.web.ServletTestExecutionListener, org.springframework.test.context.support.DirtiesContextBeforeModesTestExecutionListener, org.springframework.test.context.support.DependencyInjectionTestExecutionListener, org.springframework.test.context.support.DirtiesContextTestExecutionListener, org.springframework.test.context.transaction.TransactionalTestExecutionListener, org.springframework.test.context.jdbc.SqlScriptsTestExecutionListener]
20:09:43.788 [Test worker] INFO org.springframework.boot.test.context.SpringBootTestContextBootstrapper - Using TestExecutionListeners: [org.springframework.test.context.web.ServletTestExecutionListener@4344dc6e, org.springframework.test.context.support.DirtiesContextBeforeModesTestExecutionListener@3961601c, org.springframework.boot.test.mock.mockito.MockitoTestExecutionListener@365db8c9, org.springframework.boot.test.autoconfigure.SpringBootDependencyInjectionTestExecutionListener@226ac26c, org.springframework.test.context.support.DirtiesContextTestExecutionListener@47a8dde3, org.springframework.test.context.transaction.TransactionalTestExecutionListener@75fb248a, org.springframework.test.context.jdbc.SqlScriptsTestExecutionListener@2ebb510c, org.springframework.boot.test.autoconfigure.restdocs.RestDocsTestExecutionListener@5a368f15, org.springframework.boot.test.autoconfigure.web.client.MockRestServiceServerResetTestExecutionListener@5bf01675, org.springframework.boot.test.autoconfigure.web.servlet.MockMvcPrintOnlyOnFailureTestExecutionListener@7703b6f5, org.springframework.boot.test.autoconfigure.web.servlet.WebDriverTestExecutionListener@3c4ba28, org.springframework.boot.test.mock.mockito.ResetMocksTestExecutionListener@6de4c362]
20:09:43.791 [Test worker] DEBUG org.springframework.test.annotation.ProfileValueUtils - Retrieved @ProfileValueSourceConfiguration [null] for test class [com.marjina.hire_yourself.HireYourselfApplicationTests]
20:09:43.792 [Test worker] DEBUG org.springframework.test.annotation.ProfileValueUtils - Retrieved ProfileValueSource type [class org.springframework.test.annotation.SystemProfileValueSource] for class [com.marjina.hire_yourself.HireYourselfApplicationTests]
]]></system-out>
  <system-err><![CDATA[]]></system-err>
</testsuite>
