<?xml version="1.0" encoding="UTF-8"?>
<testsuite name="com.marjina.hire_yourself.HireYourselfApplicationTests" tests="1" skipped="1" failures="0" errors="0" timestamp="2019-10-02T06:54:27" hostname="dumitru-Z370M-D3H" time="0.0">
  <properties/>
  <testcase name="contextLoads" classname="com.marjina.hire_yourself.HireYourselfApplicationTests" time="0.0">
    <skipped/>
  </testcase>
  <system-out><![CDATA[09:54:27.426 [Test worker] DEBUG org.springframework.test.context.junit4.SpringJUnit4ClassRunner - SpringJUnit4ClassRunner constructor called with [class com.marjina.hire_yourself.HireYourselfApplicationTests]
09:54:27.430 [Test worker] DEBUG org.springframework.test.context.BootstrapUtils - Instantiating CacheAwareContextLoaderDelegate from class [org.springframework.test.context.cache.DefaultCacheAwareContextLoaderDelegate]
09:54:27.435 [Test worker] DEBUG org.springframework.test.context.BootstrapUtils - Instantiating BootstrapContext using constructor [public org.springframework.test.context.support.DefaultBootstrapContext(java.lang.Class,org.springframework.test.context.CacheAwareContextLoaderDelegate)]
09:54:27.445 [Test worker] DEBUG org.springframework.test.context.BootstrapUtils - Instantiating TestContextBootstrapper for test class [com.marjina.hire_yourself.HireYourselfApplicationTests] from class [org.springframework.boot.test.context.SpringBootTestContextBootstrapper]
09:54:27.451 [Test worker] INFO org.springframework.boot.test.context.SpringBootTestContextBootstrapper - Neither @ContextConfiguration nor @ContextHierarchy found for test class [com.marjina.hire_yourself.HireYourselfApplicationTests], using SpringBootContextLoader
09:54:27.453 [Test worker] DEBUG org.springframework.test.context.support.AbstractContextLoader - Did not detect default resource location for test class [com.marjina.hire_yourself.HireYourselfApplicationTests]: class path resource [com/marjina/hire_yourself/HireYourselfApplicationTests-context.xml] does not exist
09:54:27.453 [Test worker] DEBUG org.springframework.test.context.support.AbstractContextLoader - Did not detect default resource location for test class [com.marjina.hire_yourself.HireYourselfApplicationTests]: class path resource [com/marjina/hire_yourself/HireYourselfApplicationTestsContext.groovy] does not exist
09:54:27.453 [Test worker] INFO org.springframework.test.context.support.AbstractContextLoader - Could not detect default resource locations for test class [com.marjina.hire_yourself.HireYourselfApplicationTests]: no resource found for suffixes {-context.xml, Context.groovy}.
09:54:27.453 [Test worker] INFO org.springframework.test.context.support.AnnotationConfigContextLoaderUtils - Could not detect default configuration classes for test class [com.marjina.hire_yourself.HireYourselfApplicationTests]: HireYourselfApplicationTests does not declare any static, non-private, non-final, nested classes annotated with @Configuration.
09:54:27.475 [Test worker] DEBUG org.springframework.test.context.support.ActiveProfilesUtils - Could not find an 'annotation declaring class' for annotation type [org.springframework.test.context.ActiveProfiles] and class [com.marjina.hire_yourself.HireYourselfApplicationTests]
09:54:27.512 [Test worker] DEBUG org.springframework.context.annotation.ClassPathScanningCandidateComponentProvider - Identified candidate component class: file [/home/dumitru/work/Technologies/HireYourself/hire_yourself/Backend/hire_yourself/build/classes/java/main/com/marjina/hire_yourself/HireYourselfApplication.class]
09:54:27.512 [Test worker] INFO org.springframework.boot.test.context.SpringBootTestContextBootstrapper - Found @SpringBootConfiguration com.marjina.hire_yourself.HireYourselfApplication for test class com.marjina.hire_yourself.HireYourselfApplicationTests
09:54:27.578 [Test worker] DEBUG org.springframework.boot.test.context.SpringBootTestContextBootstrapper - @TestExecutionListeners is not present for class [com.marjina.hire_yourself.HireYourselfApplicationTests]: using defaults.
09:54:27.578 [Test worker] INFO org.springframework.boot.test.context.SpringBootTestContextBootstrapper - Loaded default TestExecutionListener class names from location [META-INF/spring.factories]: [org.springframework.boot.test.autoconfigure.restdocs.RestDocsTestExecutionListener, org.springframework.boot.test.autoconfigure.web.client.MockRestServiceServerResetTestExecutionListener, org.springframework.boot.test.autoconfigure.web.servlet.MockMvcPrintOnlyOnFailureTestExecutionListener, org.springframework.boot.test.autoconfigure.web.servlet.WebDriverTestExecutionListener, org.springframework.boot.test.mock.mockito.MockitoTestExecutionListener, org.springframework.boot.test.mock.mockito.ResetMocksTestExecutionListener, org.springframework.test.context.web.ServletTestExecutionListener, org.springframework.test.context.support.DirtiesContextBeforeModesTestExecutionListener, org.springframework.test.context.support.DependencyInjectionTestExecutionListener, org.springframework.test.context.support.DirtiesContextTestExecutionListener, org.springframework.test.context.transaction.TransactionalTestExecutionListener, org.springframework.test.context.jdbc.SqlScriptsTestExecutionListener]
09:54:27.586 [Test worker] INFO org.springframework.boot.test.context.SpringBootTestContextBootstrapper - Using TestExecutionListeners: [org.springframework.test.context.web.ServletTestExecutionListener@2a8de0a, org.springframework.test.context.support.DirtiesContextBeforeModesTestExecutionListener@6365356, org.springframework.boot.test.mock.mockito.MockitoTestExecutionListener@373268f4, org.springframework.boot.test.autoconfigure.SpringBootDependencyInjectionTestExecutionListener@614390d3, org.springframework.test.context.support.DirtiesContextTestExecutionListener@255f4a7f, org.springframework.test.context.transaction.TransactionalTestExecutionListener@11c70161, org.springframework.test.context.jdbc.SqlScriptsTestExecutionListener@3596be65, org.springframework.boot.test.autoconfigure.restdocs.RestDocsTestExecutionListener@482e750c, org.springframework.boot.test.autoconfigure.web.client.MockRestServiceServerResetTestExecutionListener@17fdc2c4, org.springframework.boot.test.autoconfigure.web.servlet.MockMvcPrintOnlyOnFailureTestExecutionListener@3e181553, org.springframework.boot.test.autoconfigure.web.servlet.WebDriverTestExecutionListener@3efdf163, org.springframework.boot.test.mock.mockito.ResetMocksTestExecutionListener@54065a5]
09:54:27.587 [Test worker] DEBUG org.springframework.test.annotation.ProfileValueUtils - Retrieved @ProfileValueSourceConfiguration [null] for test class [com.marjina.hire_yourself.HireYourselfApplicationTests]
09:54:27.588 [Test worker] DEBUG org.springframework.test.annotation.ProfileValueUtils - Retrieved ProfileValueSource type [class org.springframework.test.annotation.SystemProfileValueSource] for class [com.marjina.hire_yourself.HireYourselfApplicationTests]
]]></system-out>
  <system-err><![CDATA[]]></system-err>
</testsuite>
