<?xml version="1.0" encoding="UTF-8"?>
<testsuite name="com.marjina.hire_yourself.HireYourselfApplicationTests" tests="1" skipped="1" failures="0" errors="0" timestamp="2019-10-30T08:30:43" hostname="asus" time="0.0">
  <properties/>
  <testcase name="contextLoads" classname="com.marjina.hire_yourself.HireYourselfApplicationTests" time="0.0">
    <skipped/>
  </testcase>
  <system-out><![CDATA[10:30:43.623 [Test worker] DEBUG org.springframework.test.context.junit4.SpringJUnit4ClassRunner - SpringJUnit4ClassRunner constructor called with [class com.marjina.hire_yourself.HireYourselfApplicationTests]
10:30:43.631 [Test worker] DEBUG org.springframework.test.context.BootstrapUtils - Instantiating CacheAwareContextLoaderDelegate from class [org.springframework.test.context.cache.DefaultCacheAwareContextLoaderDelegate]
10:30:43.648 [Test worker] DEBUG org.springframework.test.context.BootstrapUtils - Instantiating BootstrapContext using constructor [public org.springframework.test.context.support.DefaultBootstrapContext(java.lang.Class,org.springframework.test.context.CacheAwareContextLoaderDelegate)]
10:30:43.669 [Test worker] DEBUG org.springframework.test.context.BootstrapUtils - Instantiating TestContextBootstrapper for test class [com.marjina.hire_yourself.HireYourselfApplicationTests] from class [org.springframework.boot.test.context.SpringBootTestContextBootstrapper]
10:30:43.679 [Test worker] INFO org.springframework.boot.test.context.SpringBootTestContextBootstrapper - Neither @ContextConfiguration nor @ContextHierarchy found for test class [com.marjina.hire_yourself.HireYourselfApplicationTests], using SpringBootContextLoader
10:30:43.683 [Test worker] DEBUG org.springframework.test.context.support.AbstractContextLoader - Did not detect default resource location for test class [com.marjina.hire_yourself.HireYourselfApplicationTests]: class path resource [com/marjina/hire_yourself/HireYourselfApplicationTests-context.xml] does not exist
10:30:43.685 [Test worker] DEBUG org.springframework.test.context.support.AbstractContextLoader - Did not detect default resource location for test class [com.marjina.hire_yourself.HireYourselfApplicationTests]: class path resource [com/marjina/hire_yourself/HireYourselfApplicationTestsContext.groovy] does not exist
10:30:43.686 [Test worker] INFO org.springframework.test.context.support.AbstractContextLoader - Could not detect default resource locations for test class [com.marjina.hire_yourself.HireYourselfApplicationTests]: no resource found for suffixes {-context.xml, Context.groovy}.
10:30:43.687 [Test worker] INFO org.springframework.test.context.support.AnnotationConfigContextLoaderUtils - Could not detect default configuration classes for test class [com.marjina.hire_yourself.HireYourselfApplicationTests]: HireYourselfApplicationTests does not declare any static, non-private, non-final, nested classes annotated with @Configuration.
10:30:43.740 [Test worker] DEBUG org.springframework.test.context.support.ActiveProfilesUtils - Could not find an 'annotation declaring class' for annotation type [org.springframework.test.context.ActiveProfiles] and class [com.marjina.hire_yourself.HireYourselfApplicationTests]
10:30:43.814 [Test worker] DEBUG org.springframework.context.annotation.ClassPathScanningCandidateComponentProvider - Identified candidate component class: file [/home/asus/PhpStormProjects/hire_yourself/Backend/hire_yourself/build/classes/java/main/com/marjina/hire_yourself/HireYourselfApplication.class]
10:30:43.816 [Test worker] INFO org.springframework.boot.test.context.SpringBootTestContextBootstrapper - Found @SpringBootConfiguration com.marjina.hire_yourself.HireYourselfApplication for test class com.marjina.hire_yourself.HireYourselfApplicationTests
10:30:43.953 [Test worker] DEBUG org.springframework.boot.test.context.SpringBootTestContextBootstrapper - @TestExecutionListeners is not present for class [com.marjina.hire_yourself.HireYourselfApplicationTests]: using defaults.
10:30:43.954 [Test worker] INFO org.springframework.boot.test.context.SpringBootTestContextBootstrapper - Loaded default TestExecutionListener class names from location [META-INF/spring.factories]: [org.springframework.boot.test.autoconfigure.restdocs.RestDocsTestExecutionListener, org.springframework.boot.test.autoconfigure.web.client.MockRestServiceServerResetTestExecutionListener, org.springframework.boot.test.autoconfigure.web.servlet.MockMvcPrintOnlyOnFailureTestExecutionListener, org.springframework.boot.test.autoconfigure.web.servlet.WebDriverTestExecutionListener, org.springframework.boot.test.mock.mockito.MockitoTestExecutionListener, org.springframework.boot.test.mock.mockito.ResetMocksTestExecutionListener, org.springframework.test.context.web.ServletTestExecutionListener, org.springframework.test.context.support.DirtiesContextBeforeModesTestExecutionListener, org.springframework.test.context.support.DependencyInjectionTestExecutionListener, org.springframework.test.context.support.DirtiesContextTestExecutionListener, org.springframework.test.context.transaction.TransactionalTestExecutionListener, org.springframework.test.context.jdbc.SqlScriptsTestExecutionListener]
10:30:43.974 [Test worker] INFO org.springframework.boot.test.context.SpringBootTestContextBootstrapper - Using TestExecutionListeners: [org.springframework.test.context.web.ServletTestExecutionListener@55d3e3f1, org.springframework.test.context.support.DirtiesContextBeforeModesTestExecutionListener@7ce10df8, org.springframework.boot.test.mock.mockito.MockitoTestExecutionListener@538744a0, org.springframework.boot.test.autoconfigure.SpringBootDependencyInjectionTestExecutionListener@487859e4, org.springframework.test.context.support.DirtiesContextTestExecutionListener@2fef771, org.springframework.test.context.transaction.TransactionalTestExecutionListener@7604b41b, org.springframework.test.context.jdbc.SqlScriptsTestExecutionListener@1fcf5c3f, org.springframework.boot.test.autoconfigure.restdocs.RestDocsTestExecutionListener@15f2915b, org.springframework.boot.test.autoconfigure.web.client.MockRestServiceServerResetTestExecutionListener@6042b9eb, org.springframework.boot.test.autoconfigure.web.servlet.MockMvcPrintOnlyOnFailureTestExecutionListener@33b57d94, org.springframework.boot.test.autoconfigure.web.servlet.WebDriverTestExecutionListener@56fef179, org.springframework.boot.test.mock.mockito.ResetMocksTestExecutionListener@5787cab4]
10:30:43.977 [Test worker] DEBUG org.springframework.test.annotation.ProfileValueUtils - Retrieved @ProfileValueSourceConfiguration [null] for test class [com.marjina.hire_yourself.HireYourselfApplicationTests]
10:30:43.978 [Test worker] DEBUG org.springframework.test.annotation.ProfileValueUtils - Retrieved ProfileValueSource type [class org.springframework.test.annotation.SystemProfileValueSource] for class [com.marjina.hire_yourself.HireYourselfApplicationTests]
]]></system-out>
  <system-err><![CDATA[]]></system-err>
</testsuite>
